[2026-03-04 14:25:11] local.ERROR: SQLSTATE[HY000] [1045] Access denied for user 'root'@'localhost' (using password: NO) (Connection: mysql, SQL: select table_name as `name`, (data_length + index_length) as `size`, table_comment as `comment`, engine as `engine`, table_collation as `collation` from information_schema.tables where table_schema = 'banmucheng' and table_type in ('BASE TABLE', 'SYSTEM VERSIONED') order by table_name) {"exception":"[object] (Illuminate\\Database\\QueryException(code: 1045): SQLSTATE[HY000] [1045] Access denied for user 'root'@'localhost' (using password: NO) (Connection: mysql, SQL: select table_name as `name`, (data_length + index_length) as `size`, table_comment as `comment`, engine as `engine`, table_collation as `collation` from information_schema.tables where table_schema = 'banmucheng' and table_type in ('BASE TABLE', 'SYSTEM VERSIONED') order by table_name) at D:/my-code/kehu-web/xavier/code/banmucheng/backend/vendor/illuminate/database/Connection.php:829)
[stacktrace]
#0 D:/my-code/kehu-web/xavier/code/banmucheng/backend/vendor/illuminate/database/Connection.php(783): Illuminate/Database/Connection->runQueryCallback()
#1 D:/my-code/kehu-web/xavier/code/banmucheng/backend/vendor/illuminate/database/Connection.php(414): Illuminate/Database/Connection->run()
#2 D:/my-code/kehu-web/xavier/code/banmucheng/backend/vendor/illuminate/database/Connection.php(401): Illuminate/Database/Connection->select()
#3 D:/my-code/kehu-web/xavier/code/banmucheng/backend/vendor/illuminate/database/Schema/MySqlBuilder.php(41): Illuminate/Database/Connection->selectFromWriteConnection()
#4 D:/my-code/kehu-web/xavier/code/banmucheng/backend/vendor/illuminate/database/Schema/Builder.php(165): Illuminate/Database/Schema/MySqlBuilder->getTables()
#5 D:/my-code/kehu-web/xavier/code/banmucheng/backend/vendor/illuminate/database/Migrations/DatabaseMigrationRepository.php(184): Illuminate/Database/Schema/Builder->hasTable()
#6 D:/my-code/kehu-web/xavier/code/banmucheng/backend/vendor/illuminate/database/Migrations/Migrator.php(727): Illuminate/Database/Migrations/DatabaseMigrationRepository->repositoryExists()
#7 D:/my-code/kehu-web/xavier/code/banmucheng/backend/vendor/illuminate/database/Console/Migrations/MigrateCommand.php(140): Illuminate/Database/Migrations/Migrator->repositoryExists()
#8 D:/my-code/kehu-web/xavier/code/banmucheng/backend/vendor/illuminate/support/helpers.php(261): Illuminate/Database/Console/Migrations/MigrateCommand->Illuminate/Database/Console/Migrations/{closure}()
#9 D:/my-code/kehu-web/xavier/code/banmucheng/backend/vendor/illuminate/database/Console/Migrations/MigrateCommand.php(140): retry()
#10 D:/my-code/kehu-web/xavier/code/banmucheng/backend/vendor/illuminate/database/Console/Migrations/MigrateCommand.php(116): Illuminate/Database/Console/Migrations/MigrateCommand->repositoryExists()
#11 D:/my-code/kehu-web/xavier/code/banmucheng/backend/vendor/illuminate/database/Console/Migrations/MigrateCommand.php(84): Illuminate/Database/Console/Migrations/MigrateCommand->prepareDatabase()
#12 D:/my-code/kehu-web/xavier/code/banmucheng/backend/vendor/illuminate/database/Migrations/Migrator.php(641): Illuminate/Database/Console/Migrations/MigrateCommand->Illuminate/Database/Console/Migrations/{closure}()
#13 D:/my-code/kehu-web/xavier/code/banmucheng/backend/vendor/illuminate/database/Console/Migrations/MigrateCommand.php(83): Illuminate/Database/Migrations/Migrator->usingConnection()
#14 D:/my-code/kehu-web/xavier/code/banmucheng/backend/vendor/illuminate/container/BoundMethod.php(36): Illuminate/Database/Console/Migrations/MigrateCommand->handle()
#15 D:/my-code/kehu-web/xavier/code/banmucheng/backend/vendor/illuminate/container/Util.php(41): Illuminate/Container/BoundMethod::Illuminate/Container/{closure}()
#16 D:/my-code/kehu-web/xavier/code/banmucheng/backend/vendor/illuminate/container/BoundMethod.php(93): Illuminate/Container/Util::unwrapIfClosure()
#17 D:/my-code/kehu-web/xavier/code/banmucheng/backend/vendor/illuminate/container/BoundMethod.php(35): Illuminate/Container/BoundMethod::callBoundMethod()
#18 D:/my-code/kehu-web/xavier/code/banmucheng/backend/vendor/illuminate/container/Container.php(662): Illuminate/Container/BoundMethod::call()
#19 D:/my-code/kehu-web/xavier/code/banmucheng/backend/vendor/illuminate/console/Command.php(211): Illuminate/Container/Container->call()
#20 D:/my-code/kehu-web/xavier/code/banmucheng/backend/vendor/symfony/console/Command/Command.php(326): Illuminate/Console/Command->execute()
#21 D:/my-code/kehu-web/xavier/code/banmucheng/backend/vendor/illuminate/console/Command.php(180): Symfony/Component/Console/Command/Command->run()
#22 D:/my-code/kehu-web/xavier/code/banmucheng/backend/vendor/symfony/console/Application.php(1098): Illuminate/Console/Command->run()
#23 D:/my-code/kehu-web/xavier/code/banmucheng/backend/vendor/symfony/console/Application.php(324): Symfony/Component/Console/Application->doRunCommand()
#24 D:/my-code/kehu-web/xavier/code/banmucheng/backend/vendor/symfony/console/Application.php(175): Symfony/Component/Console/Application->doRun()
#25 D:/my-code/kehu-web/xavier/code/banmucheng/backend/vendor/laravel/lumen-framework/src/Console/Kernel.php(160): Symfony/Component/Console/Application->run()
#26 D:/my-code/kehu-web/xavier/code/banmucheng/backend/artisan(14): Laravel/Lumen/Console/Kernel->handle()
#27 {main}

[previous exception] [object] (PDOException(code: 1045): SQLSTATE[HY000] [1045] Access denied for user 'root'@'localhost' (using password: NO) at D:/my-code/kehu-web/xavier/code/banmucheng/backend/vendor/illuminate/database/Connectors/Connector.php:65)
[stacktrace]
#0 D:/my-code/kehu-web/xavier/code/banmucheng/backend/vendor/illuminate/database/Connectors/Connector.php(65): PDO->__construct()
#1 D:/my-code/kehu-web/xavier/code/banmucheng/backend/vendor/illuminate/database/Connectors/Connector.php(44): Illuminate/Database/Connectors/Connector->createPdoConnection()
#2 D:/my-code/kehu-web/xavier/code/banmucheng/backend/vendor/illuminate/database/Connectors/MySqlConnector.php(24): Illuminate/Database/Connectors/Connector->createConnection()
#3 D:/my-code/kehu-web/xavier/code/banmucheng/backend/vendor/illuminate/database/Connectors/ConnectionFactory.php(184): Illuminate/Database/Connectors/MySqlConnector->connect()
#4 [internal function]: Illuminate/Database/Connectors/ConnectionFactory->Illuminate/Database/Connectors/{closure}()
#5 D:/my-code/kehu-web/xavier/code/banmucheng/backend/vendor/illuminate/database/Connection.php(1339): call_user_func()
#6 D:/my-code/kehu-web/xavier/code/banmucheng/backend/vendor/illuminate/database/Connection.php(528): Illuminate/Database/Connection->getPdo()
#7 D:/my-code/kehu-web/xavier/code/banmucheng/backend/vendor/illuminate/database/Connection.php(423): Illuminate/Database/Connection->getPdoForSelect()
#8 D:/my-code/kehu-web/xavier/code/banmucheng/backend/vendor/illuminate/database/Connection.php(816): Illuminate/Database/Connection->Illuminate/Database/{closure}()
#9 D:/my-code/kehu-web/xavier/code/banmucheng/backend/vendor/illuminate/database/Connection.php(783): Illuminate/Database/Connection->runQueryCallback()
#10 D:/my-code/kehu-web/xavier/code/banmucheng/backend/vendor/illuminate/database/Connection.php(414): Illuminate/Database/Connection->run()
#11 D:/my-code/kehu-web/xavier/code/banmucheng/backend/vendor/illuminate/database/Connection.php(401): Illuminate/Database/Connection->select()
#12 D:/my-code/kehu-web/xavier/code/banmucheng/backend/vendor/illuminate/database/Schema/MySqlBuilder.php(41): Illuminate/Database/Connection->selectFromWriteConnection()
#13 D:/my-code/kehu-web/xavier/code/banmucheng/backend/vendor/illuminate/database/Schema/Builder.php(165): Illuminate/Database/Schema/MySqlBuilder->getTables()
#14 D:/my-code/kehu-web/xavier/code/banmucheng/backend/vendor/illuminate/database/Migrations/DatabaseMigrationRepository.php(184): Illuminate/Database/Schema/Builder->hasTable()
#15 D:/my-code/kehu-web/xavier/code/banmucheng/backend/vendor/illuminate/database/Migrations/Migrator.php(727): Illuminate/Database/Migrations/DatabaseMigrationRepository->repositoryExists()
#16 D:/my-code/kehu-web/xavier/code/banmucheng/backend/vendor/illuminate/database/Console/Migrations/MigrateCommand.php(140): Illuminate/Database/Migrations/Migrator->repositoryExists()
#17 D:/my-code/kehu-web/xavier/code/banmucheng/backend/vendor/illuminate/support/helpers.php(261): Illuminate/Database/Console/Migrations/MigrateCommand->Illuminate/Database/Console/Migrations/{closure}()
#18 D:/my-code/kehu-web/xavier/code/banmucheng/backend/vendor/illuminate/database/Console/Migrations/MigrateCommand.php(140): retry()
#19 D:/my-code/kehu-web/xavier/code/banmucheng/backend/vendor/illuminate/database/Console/Migrations/MigrateCommand.php(116): Illuminate/Database/Console/Migrations/MigrateCommand->repositoryExists()
#20 D:/my-code/kehu-web/xavier/code/banmucheng/backend/vendor/illuminate/database/Console/Migrations/MigrateCommand.php(84): Illuminate/Database/Console/Migrations/MigrateCommand->prepareDatabase()
#21 D:/my-code/kehu-web/xavier/code/banmucheng/backend/vendor/illuminate/database/Migrations/Migrator.php(641): Illuminate/Database/Console/Migrations/MigrateCommand->Illuminate/Database/Console/Migrations/{closure}()
#22 D:/my-code/kehu-web/xavier/code/banmucheng/backend/vendor/illuminate/database/Console/Migrations/MigrateCommand.php(83): Illuminate/Database/Migrations/Migrator->usingConnection()
#23 D:/my-code/kehu-web/xavier/code/banmucheng/backend/vendor/illuminate/container/BoundMethod.php(36): Illuminate/Database/Console/Migrations/MigrateCommand->handle()
#24 D:/my-code/kehu-web/xavier/code/banmucheng/backend/vendor/illuminate/container/Util.php(41): Illuminate/Container/BoundMethod::Illuminate/Container/{closure}()
#25 D:/my-code/kehu-web/xavier/code/banmucheng/backend/vendor/illuminate/container/BoundMethod.php(93): Illuminate/Container/Util::unwrapIfClosure()
#26 D:/my-code/kehu-web/xavier/code/banmucheng/backend/vendor/illuminate/container/BoundMethod.php(35): Illuminate/Container/BoundMethod::callBoundMethod()
#27 D:/my-code/kehu-web/xavier/code/banmucheng/backend/vendor/illuminate/container/Container.php(662): Illuminate/Container/BoundMethod::call()
#28 D:/my-code/kehu-web/xavier/code/banmucheng/backend/vendor/illuminate/console/Command.php(211): Illuminate/Container/Container->call()
#29 D:/my-code/kehu-web/xavier/code/banmucheng/backend/vendor/symfony/console/Command/Command.php(326): Illuminate/Console/Command->execute()
#30 D:/my-code/kehu-web/xavier/code/banmucheng/backend/vendor/illuminate/console/Command.php(180): Symfony/Component/Console/Command/Command->run()
#31 D:/my-code/kehu-web/xavier/code/banmucheng/backend/vendor/symfony/console/Application.php(1098): Illuminate/Console/Command->run()
#32 D:/my-code/kehu-web/xavier/code/banmucheng/backend/vendor/symfony/console/Application.php(324): Symfony/Component/Console/Application->doRunCommand()
#33 D:/my-code/kehu-web/xavier/code/banmucheng/backend/vendor/symfony/console/Application.php(175): Symfony/Component/Console/Application->doRun()
#34 D:/my-code/kehu-web/xavier/code/banmucheng/backend/vendor/laravel/lumen-framework/src/Console/Kernel.php(160): Symfony/Component/Console/Application->run()
#35 D:/my-code/kehu-web/xavier/code/banmucheng/backend/artisan(14): Laravel/Lumen/Console/Kernel->handle()
#36 {main}
"} 
[2026-03-04 15:31:25] local.ERROR: SQLSTATE[42S01]: Base table or view already exists: 1050 Table 'categories' already exists (Connection: mysql, SQL: create table `categories` (`id` bigint unsigned not null auto_increment primary key, `name_zh` varchar(100) not null comment '中文名称', `name_en` varchar(100) not null comment '英文名称', `parent_id` bigint unsigned null comment '父分类ID', `sort_order` int not null default '0' comment '排序', `created_at` timestamp null, `updated_at` timestamp null) default character set utf8mb4 collate 'utf8mb4_unicode_ci') {"exception":"[object] (Illuminate\\Database\\QueryException(code: 42S01): SQLSTATE[42S01]: Base table or view already exists: 1050 Table 'categories' already exists (Connection: mysql, SQL: create table `categories` (`id` bigint unsigned not null auto_increment primary key, `name_zh` varchar(100) not null comment '中文名称', `name_en` varchar(100) not null comment '英文名称', `parent_id` bigint unsigned null comment '父分类ID', `sort_order` int not null default '0' comment '排序', `created_at` timestamp null, `updated_at` timestamp null) default character set utf8mb4 collate 'utf8mb4_unicode_ci') at D:/my-code/kehu-web/xavier/code/banmucheng/backend/vendor/illuminate/database/Connection.php:829)
[stacktrace]
#0 D:/my-code/kehu-web/xavier/code/banmucheng/backend/vendor/illuminate/database/Connection.php(783): Illuminate/Database/Connection->runQueryCallback()
#1 D:/my-code/kehu-web/xavier/code/banmucheng/backend/vendor/illuminate/database/Connection.php(576): Illuminate/Database/Connection->run()
#2 D:/my-code/kehu-web/xavier/code/banmucheng/backend/vendor/illuminate/database/Schema/Blueprint.php(110): Illuminate/Database/Connection->statement()
#3 D:/my-code/kehu-web/xavier/code/banmucheng/backend/vendor/illuminate/database/Schema/Builder.php(602): Illuminate/Database/Schema/Blueprint->build()
#4 D:/my-code/kehu-web/xavier/code/banmucheng/backend/vendor/illuminate/database/Schema/Builder.php(456): Illuminate/Database/Schema/Builder->build()
#5 D:/my-code/kehu-web/xavier/code/banmucheng/backend/vendor/illuminate/support/Facades/Facade.php(355): Illuminate/Database/Schema/Builder->create()
#6 D:/my-code/kehu-web/xavier/code/banmucheng/backend/database/migrations/2024_01_01_000001_create_categories_table.php(11): Illuminate/Support/Facades/Facade::__callStatic()
#7 D:/my-code/kehu-web/xavier/code/banmucheng/backend/vendor/illuminate/database/Migrations/Migrator.php(501): CreateCategoriesTable->up()
#8 D:/my-code/kehu-web/xavier/code/banmucheng/backend/vendor/illuminate/database/Migrations/Migrator.php(418): Illuminate/Database/Migrations/Migrator->runMethod()
#9 D:/my-code/kehu-web/xavier/code/banmucheng/backend/vendor/illuminate/database/Migrations/Migrator.php(427): Illuminate/Database/Migrations/Migrator->Illuminate/Database/Migrations/{closure}()
#10 D:/my-code/kehu-web/xavier/code/banmucheng/backend/vendor/illuminate/database/Migrations/Migrator.php(224): Illuminate/Database/Migrations/Migrator->runMigration()
#11 D:/my-code/kehu-web/xavier/code/banmucheng/backend/vendor/illuminate/console/View/Components/Task.php(37): Illuminate/Database/Migrations/Migrator->Illuminate/Database/Migrations/{closure}()
#12 D:/my-code/kehu-web/xavier/code/banmucheng/backend/vendor/illuminate/database/Migrations/Migrator.php(783): Illuminate/Console/View/Components/Task->render()
#13 D:/my-code/kehu-web/xavier/code/banmucheng/backend/vendor/illuminate/database/Migrations/Migrator.php(224): Illuminate/Database/Migrations/Migrator->write()
#14 D:/my-code/kehu-web/xavier/code/banmucheng/backend/vendor/illuminate/database/Migrations/Migrator.php(189): Illuminate/Database/Migrations/Migrator->runUp()
#15 D:/my-code/kehu-web/xavier/code/banmucheng/backend/vendor/illuminate/database/Migrations/Migrator.php(132): Illuminate/Database/Migrations/Migrator->runPending()
#16 D:/my-code/kehu-web/xavier/code/banmucheng/backend/vendor/illuminate/database/Console/Migrations/MigrateCommand.php(90): Illuminate/Database/Migrations/Migrator->run()
#17 D:/my-code/kehu-web/xavier/code/banmucheng/backend/vendor/illuminate/database/Migrations/Migrator.php(641): Illuminate/Database/Console/Migrations/MigrateCommand->Illuminate/Database/Console/Migrations/{closure}()
#18 D:/my-code/kehu-web/xavier/code/banmucheng/backend/vendor/illuminate/database/Console/Migrations/MigrateCommand.php(83): Illuminate/Database/Migrations/Migrator->usingConnection()
#19 D:/my-code/kehu-web/xavier/code/banmucheng/backend/vendor/illuminate/container/BoundMethod.php(36): Illuminate/Database/Console/Migrations/MigrateCommand->handle()
#20 D:/my-code/kehu-web/xavier/code/banmucheng/backend/vendor/illuminate/container/Util.php(41): Illuminate/Container/BoundMethod::Illuminate/Container/{closure}()
#21 D:/my-code/kehu-web/xavier/code/banmucheng/backend/vendor/illuminate/container/BoundMethod.php(93): Illuminate/Container/Util::unwrapIfClosure()
#22 D:/my-code/kehu-web/xavier/code/banmucheng/backend/vendor/illuminate/container/BoundMethod.php(35): Illuminate/Container/BoundMethod::callBoundMethod()
#23 D:/my-code/kehu-web/xavier/code/banmucheng/backend/vendor/illuminate/container/Container.php(662): Illuminate/Container/BoundMethod::call()
#24 D:/my-code/kehu-web/xavier/code/banmucheng/backend/vendor/illuminate/console/Command.php(211): Illuminate/Container/Container->call()
#25 D:/my-code/kehu-web/xavier/code/banmucheng/backend/vendor/symfony/console/Command/Command.php(326): Illuminate/Console/Command->execute()
#26 D:/my-code/kehu-web/xavier/code/banmucheng/backend/vendor/illuminate/console/Command.php(180): Symfony/Component/Console/Command/Command->run()
#27 D:/my-code/kehu-web/xavier/code/banmucheng/backend/vendor/symfony/console/Application.php(1098): Illuminate/Console/Command->run()
#28 D:/my-code/kehu-web/xavier/code/banmucheng/backend/vendor/symfony/console/Application.php(324): Symfony/Component/Console/Application->doRunCommand()
#29 D:/my-code/kehu-web/xavier/code/banmucheng/backend/vendor/symfony/console/Application.php(175): Symfony/Component/Console/Application->doRun()
#30 D:/my-code/kehu-web/xavier/code/banmucheng/backend/vendor/laravel/lumen-framework/src/Console/Kernel.php(160): Symfony/Component/Console/Application->run()
#31 D:/my-code/kehu-web/xavier/code/banmucheng/backend/artisan(14): Laravel/Lumen/Console/Kernel->handle()
#32 {main}

[previous exception] [object] (PDOException(code: 42S01): SQLSTATE[42S01]: Base table or view already exists: 1050 Table 'categories' already exists at D:/my-code/kehu-web/xavier/code/banmucheng/backend/vendor/illuminate/database/Connection.php:587)
[stacktrace]
#0 D:/my-code/kehu-web/xavier/code/banmucheng/backend/vendor/illuminate/database/Connection.php(587): PDOStatement->execute()
#1 D:/my-code/kehu-web/xavier/code/banmucheng/backend/vendor/illuminate/database/Connection.php(816): Illuminate/Database/Connection->Illuminate/Database/{closure}()
#2 D:/my-code/kehu-web/xavier/code/banmucheng/backend/vendor/illuminate/database/Connection.php(783): Illuminate/Database/Connection->runQueryCallback()
#3 D:/my-code/kehu-web/xavier/code/banmucheng/backend/vendor/illuminate/database/Connection.php(576): Illuminate/Database/Connection->run()
#4 D:/my-code/kehu-web/xavier/code/banmucheng/backend/vendor/illuminate/database/Schema/Blueprint.php(110): Illuminate/Database/Connection->statement()
#5 D:/my-code/kehu-web/xavier/code/banmucheng/backend/vendor/illuminate/database/Schema/Builder.php(602): Illuminate/Database/Schema/Blueprint->build()
#6 D:/my-code/kehu-web/xavier/code/banmucheng/backend/vendor/illuminate/database/Schema/Builder.php(456): Illuminate/Database/Schema/Builder->build()
#7 D:/my-code/kehu-web/xavier/code/banmucheng/backend/vendor/illuminate/support/Facades/Facade.php(355): Illuminate/Database/Schema/Builder->create()
#8 D:/my-code/kehu-web/xavier/code/banmucheng/backend/database/migrations/2024_01_01_000001_create_categories_table.php(11): Illuminate/Support/Facades/Facade::__callStatic()
#9 D:/my-code/kehu-web/xavier/code/banmucheng/backend/vendor/illuminate/database/Migrations/Migrator.php(501): CreateCategoriesTable->up()
#10 D:/my-code/kehu-web/xavier/code/banmucheng/backend/vendor/illuminate/database/Migrations/Migrator.php(418): Illuminate/Database/Migrations/Migrator->runMethod()
#11 D:/my-code/kehu-web/xavier/code/banmucheng/backend/vendor/illuminate/database/Migrations/Migrator.php(427): Illuminate/Database/Migrations/Migrator->Illuminate/Database/Migrations/{closure}()
#12 D:/my-code/kehu-web/xavier/code/banmucheng/backend/vendor/illuminate/database/Migrations/Migrator.php(224): Illuminate/Database/Migrations/Migrator->runMigration()
#13 D:/my-code/kehu-web/xavier/code/banmucheng/backend/vendor/illuminate/console/View/Components/Task.php(37): Illuminate/Database/Migrations/Migrator->Illuminate/Database/Migrations/{closure}()
#14 D:/my-code/kehu-web/xavier/code/banmucheng/backend/vendor/illuminate/database/Migrations/Migrator.php(783): Illuminate/Console/View/Components/Task->render()
#15 D:/my-code/kehu-web/xavier/code/banmucheng/backend/vendor/illuminate/database/Migrations/Migrator.php(224): Illuminate/Database/Migrations/Migrator->write()
#16 D:/my-code/kehu-web/xavier/code/banmucheng/backend/vendor/illuminate/database/Migrations/Migrator.php(189): Illuminate/Database/Migrations/Migrator->runUp()
#17 D:/my-code/kehu-web/xavier/code/banmucheng/backend/vendor/illuminate/database/Migrations/Migrator.php(132): Illuminate/Database/Migrations/Migrator->runPending()
#18 D:/my-code/kehu-web/xavier/code/banmucheng/backend/vendor/illuminate/database/Console/Migrations/MigrateCommand.php(90): Illuminate/Database/Migrations/Migrator->run()
#19 D:/my-code/kehu-web/xavier/code/banmucheng/backend/vendor/illuminate/database/Migrations/Migrator.php(641): Illuminate/Database/Console/Migrations/MigrateCommand->Illuminate/Database/Console/Migrations/{closure}()
#20 D:/my-code/kehu-web/xavier/code/banmucheng/backend/vendor/illuminate/database/Console/Migrations/MigrateCommand.php(83): Illuminate/Database/Migrations/Migrator->usingConnection()
#21 D:/my-code/kehu-web/xavier/code/banmucheng/backend/vendor/illuminate/container/BoundMethod.php(36): Illuminate/Database/Console/Migrations/MigrateCommand->handle()
#22 D:/my-code/kehu-web/xavier/code/banmucheng/backend/vendor/illuminate/container/Util.php(41): Illuminate/Container/BoundMethod::Illuminate/Container/{closure}()
#23 D:/my-code/kehu-web/xavier/code/banmucheng/backend/vendor/illuminate/container/BoundMethod.php(93): Illuminate/Container/Util::unwrapIfClosure()
#24 D:/my-code/kehu-web/xavier/code/banmucheng/backend/vendor/illuminate/container/BoundMethod.php(35): Illuminate/Container/BoundMethod::callBoundMethod()
#25 D:/my-code/kehu-web/xavier/code/banmucheng/backend/vendor/illuminate/container/Container.php(662): Illuminate/Container/BoundMethod::call()
#26 D:/my-code/kehu-web/xavier/code/banmucheng/backend/vendor/illuminate/console/Command.php(211): Illuminate/Container/Container->call()
#27 D:/my-code/kehu-web/xavier/code/banmucheng/backend/vendor/symfony/console/Command/Command.php(326): Illuminate/Console/Command->execute()
#28 D:/my-code/kehu-web/xavier/code/banmucheng/backend/vendor/illuminate/console/Command.php(180): Symfony/Component/Console/Command/Command->run()
#29 D:/my-code/kehu-web/xavier/code/banmucheng/backend/vendor/symfony/console/Application.php(1098): Illuminate/Console/Command->run()
#30 D:/my-code/kehu-web/xavier/code/banmucheng/backend/vendor/symfony/console/Application.php(324): Symfony/Component/Console/Application->doRunCommand()
#31 D:/my-code/kehu-web/xavier/code/banmucheng/backend/vendor/symfony/console/Application.php(175): Symfony/Component/Console/Application->doRun()
#32 D:/my-code/kehu-web/xavier/code/banmucheng/backend/vendor/laravel/lumen-framework/src/Console/Kernel.php(160): Symfony/Component/Console/Application->run()
#33 D:/my-code/kehu-web/xavier/code/banmucheng/backend/artisan(14): Laravel/Lumen/Console/Kernel->handle()
#34 {main}
"} 
[2026-03-04 15:31:43] local.ERROR: Call to undefined function now() {"exception":"[object] (Error(code: 0): Call to undefined function now() at D:/my-code/kehu-web/xavier/code/banmucheng/backend/database/migrations/2024_01_01_000005_create_product_options_table.php:24)
[stacktrace]
#0 D:/my-code/kehu-web/xavier/code/banmucheng/backend/vendor/illuminate/database/Migrations/Migrator.php(501): CreateProductOptionsTable->up()
#1 D:/my-code/kehu-web/xavier/code/banmucheng/backend/vendor/illuminate/database/Migrations/Migrator.php(418): Illuminate/Database/Migrations/Migrator->runMethod()
#2 D:/my-code/kehu-web/xavier/code/banmucheng/backend/vendor/illuminate/database/Migrations/Migrator.php(427): Illuminate/Database/Migrations/Migrator->Illuminate/Database/Migrations/{closure}()
#3 D:/my-code/kehu-web/xavier/code/banmucheng/backend/vendor/illuminate/database/Migrations/Migrator.php(224): Illuminate/Database/Migrations/Migrator->runMigration()
#4 D:/my-code/kehu-web/xavier/code/banmucheng/backend/vendor/illuminate/console/View/Components/Task.php(37): Illuminate/Database/Migrations/Migrator->Illuminate/Database/Migrations/{closure}()
#5 D:/my-code/kehu-web/xavier/code/banmucheng/backend/vendor/illuminate/database/Migrations/Migrator.php(783): Illuminate/Console/View/Components/Task->render()
#6 D:/my-code/kehu-web/xavier/code/banmucheng/backend/vendor/illuminate/database/Migrations/Migrator.php(224): Illuminate/Database/Migrations/Migrator->write()
#7 D:/my-code/kehu-web/xavier/code/banmucheng/backend/vendor/illuminate/database/Migrations/Migrator.php(189): Illuminate/Database/Migrations/Migrator->runUp()
#8 D:/my-code/kehu-web/xavier/code/banmucheng/backend/vendor/illuminate/database/Migrations/Migrator.php(132): Illuminate/Database/Migrations/Migrator->runPending()
#9 D:/my-code/kehu-web/xavier/code/banmucheng/backend/vendor/illuminate/database/Console/Migrations/MigrateCommand.php(90): Illuminate/Database/Migrations/Migrator->run()
#10 D:/my-code/kehu-web/xavier/code/banmucheng/backend/vendor/illuminate/database/Migrations/Migrator.php(641): Illuminate/Database/Console/Migrations/MigrateCommand->Illuminate/Database/Console/Migrations/{closure}()
#11 D:/my-code/kehu-web/xavier/code/banmucheng/backend/vendor/illuminate/database/Console/Migrations/MigrateCommand.php(83): Illuminate/Database/Migrations/Migrator->usingConnection()
#12 D:/my-code/kehu-web/xavier/code/banmucheng/backend/vendor/illuminate/container/BoundMethod.php(36): Illuminate/Database/Console/Migrations/MigrateCommand->handle()
#13 D:/my-code/kehu-web/xavier/code/banmucheng/backend/vendor/illuminate/container/Util.php(41): Illuminate/Container/BoundMethod::Illuminate/Container/{closure}()
#14 D:/my-code/kehu-web/xavier/code/banmucheng/backend/vendor/illuminate/container/BoundMethod.php(93): Illuminate/Container/Util::unwrapIfClosure()
#15 D:/my-code/kehu-web/xavier/code/banmucheng/backend/vendor/illuminate/container/BoundMethod.php(35): Illuminate/Container/BoundMethod::callBoundMethod()
#16 D:/my-code/kehu-web/xavier/code/banmucheng/backend/vendor/illuminate/container/Container.php(662): Illuminate/Container/BoundMethod::call()
#17 D:/my-code/kehu-web/xavier/code/banmucheng/backend/vendor/illuminate/console/Command.php(211): Illuminate/Container/Container->call()
#18 D:/my-code/kehu-web/xavier/code/banmucheng/backend/vendor/symfony/console/Command/Command.php(326): Illuminate/Console/Command->execute()
#19 D:/my-code/kehu-web/xavier/code/banmucheng/backend/vendor/illuminate/console/Command.php(180): Symfony/Component/Console/Command/Command->run()
#20 D:/my-code/kehu-web/xavier/code/banmucheng/backend/vendor/symfony/console/Application.php(1098): Illuminate/Console/Command->run()
#21 D:/my-code/kehu-web/xavier/code/banmucheng/backend/vendor/symfony/console/Application.php(324): Symfony/Component/Console/Application->doRunCommand()
#22 D:/my-code/kehu-web/xavier/code/banmucheng/backend/vendor/symfony/console/Application.php(175): Symfony/Component/Console/Application->doRun()
#23 D:/my-code/kehu-web/xavier/code/banmucheng/backend/vendor/laravel/lumen-framework/src/Console/Kernel.php(160): Symfony/Component/Console/Application->run()
#24 D:/my-code/kehu-web/xavier/code/banmucheng/backend/artisan(14): Laravel/Lumen/Console/Kernel->handle()
#25 {main}
"} 
[2026-03-04 15:32:10] local.ERROR: SQLSTATE[42S01]: Base table or view already exists: 1050 Table 'product_options' already exists (Connection: mysql, SQL: create table `product_options` (`id` bigint unsigned not null auto_increment primary key, `type` varchar(50) not null comment 'substrate | spec | thickness', `value_zh` varchar(100) not null comment '值（中文）', `value_en` varchar(100) not null comment '值（英文）', `sort_order` int not null default '0', `is_active` tinyint(1) not null default '1', `created_at` timestamp null, `updated_at` timestamp null) default character set utf8mb4 collate 'utf8mb4_unicode_ci') {"exception":"[object] (Illuminate\\Database\\QueryException(code: 42S01): SQLSTATE[42S01]: Base table or view already exists: 1050 Table 'product_options' already exists (Connection: mysql, SQL: create table `product_options` (`id` bigint unsigned not null auto_increment primary key, `type` varchar(50) not null comment 'substrate | spec | thickness', `value_zh` varchar(100) not null comment '值（中文）', `value_en` varchar(100) not null comment '值（英文）', `sort_order` int not null default '0', `is_active` tinyint(1) not null default '1', `created_at` timestamp null, `updated_at` timestamp null) default character set utf8mb4 collate 'utf8mb4_unicode_ci') at D:/my-code/kehu-web/xavier/code/banmucheng/backend/vendor/illuminate/database/Connection.php:829)
[stacktrace]
#0 D:/my-code/kehu-web/xavier/code/banmucheng/backend/vendor/illuminate/database/Connection.php(783): Illuminate/Database/Connection->runQueryCallback()
#1 D:/my-code/kehu-web/xavier/code/banmucheng/backend/vendor/illuminate/database/Connection.php(576): Illuminate/Database/Connection->run()
#2 D:/my-code/kehu-web/xavier/code/banmucheng/backend/vendor/illuminate/database/Schema/Blueprint.php(110): Illuminate/Database/Connection->statement()
#3 D:/my-code/kehu-web/xavier/code/banmucheng/backend/vendor/illuminate/database/Schema/Builder.php(602): Illuminate/Database/Schema/Blueprint->build()
#4 D:/my-code/kehu-web/xavier/code/banmucheng/backend/vendor/illuminate/database/Schema/Builder.php(456): Illuminate/Database/Schema/Builder->build()
#5 D:/my-code/kehu-web/xavier/code/banmucheng/backend/vendor/illuminate/support/Facades/Facade.php(355): Illuminate/Database/Schema/Builder->create()
#6 D:/my-code/kehu-web/xavier/code/banmucheng/backend/database/migrations/2024_01_01_000005_create_product_options_table.php(12): Illuminate/Support/Facades/Facade::__callStatic()
#7 D:/my-code/kehu-web/xavier/code/banmucheng/backend/vendor/illuminate/database/Migrations/Migrator.php(501): CreateProductOptionsTable->up()
#8 D:/my-code/kehu-web/xavier/code/banmucheng/backend/vendor/illuminate/database/Migrations/Migrator.php(418): Illuminate/Database/Migrations/Migrator->runMethod()
#9 D:/my-code/kehu-web/xavier/code/banmucheng/backend/vendor/illuminate/database/Migrations/Migrator.php(427): Illuminate/Database/Migrations/Migrator->Illuminate/Database/Migrations/{closure}()
#10 D:/my-code/kehu-web/xavier/code/banmucheng/backend/vendor/illuminate/database/Migrations/Migrator.php(224): Illuminate/Database/Migrations/Migrator->runMigration()
#11 D:/my-code/kehu-web/xavier/code/banmucheng/backend/vendor/illuminate/console/View/Components/Task.php(37): Illuminate/Database/Migrations/Migrator->Illuminate/Database/Migrations/{closure}()
#12 D:/my-code/kehu-web/xavier/code/banmucheng/backend/vendor/illuminate/database/Migrations/Migrator.php(783): Illuminate/Console/View/Components/Task->render()
#13 D:/my-code/kehu-web/xavier/code/banmucheng/backend/vendor/illuminate/database/Migrations/Migrator.php(224): Illuminate/Database/Migrations/Migrator->write()
#14 D:/my-code/kehu-web/xavier/code/banmucheng/backend/vendor/illuminate/database/Migrations/Migrator.php(189): Illuminate/Database/Migrations/Migrator->runUp()
#15 D:/my-code/kehu-web/xavier/code/banmucheng/backend/vendor/illuminate/database/Migrations/Migrator.php(132): Illuminate/Database/Migrations/Migrator->runPending()
#16 D:/my-code/kehu-web/xavier/code/banmucheng/backend/vendor/illuminate/database/Console/Migrations/MigrateCommand.php(90): Illuminate/Database/Migrations/Migrator->run()
#17 D:/my-code/kehu-web/xavier/code/banmucheng/backend/vendor/illuminate/database/Migrations/Migrator.php(641): Illuminate/Database/Console/Migrations/MigrateCommand->Illuminate/Database/Console/Migrations/{closure}()
#18 D:/my-code/kehu-web/xavier/code/banmucheng/backend/vendor/illuminate/database/Console/Migrations/MigrateCommand.php(83): Illuminate/Database/Migrations/Migrator->usingConnection()
#19 D:/my-code/kehu-web/xavier/code/banmucheng/backend/vendor/illuminate/container/BoundMethod.php(36): Illuminate/Database/Console/Migrations/MigrateCommand->handle()
#20 D:/my-code/kehu-web/xavier/code/banmucheng/backend/vendor/illuminate/container/Util.php(41): Illuminate/Container/BoundMethod::Illuminate/Container/{closure}()
#21 D:/my-code/kehu-web/xavier/code/banmucheng/backend/vendor/illuminate/container/BoundMethod.php(93): Illuminate/Container/Util::unwrapIfClosure()
#22 D:/my-code/kehu-web/xavier/code/banmucheng/backend/vendor/illuminate/container/BoundMethod.php(35): Illuminate/Container/BoundMethod::callBoundMethod()
#23 D:/my-code/kehu-web/xavier/code/banmucheng/backend/vendor/illuminate/container/Container.php(662): Illuminate/Container/BoundMethod::call()
#24 D:/my-code/kehu-web/xavier/code/banmucheng/backend/vendor/illuminate/console/Command.php(211): Illuminate/Container/Container->call()
#25 D:/my-code/kehu-web/xavier/code/banmucheng/backend/vendor/symfony/console/Command/Command.php(326): Illuminate/Console/Command->execute()
#26 D:/my-code/kehu-web/xavier/code/banmucheng/backend/vendor/illuminate/console/Command.php(180): Symfony/Component/Console/Command/Command->run()
#27 D:/my-code/kehu-web/xavier/code/banmucheng/backend/vendor/symfony/console/Application.php(1098): Illuminate/Console/Command->run()
#28 D:/my-code/kehu-web/xavier/code/banmucheng/backend/vendor/symfony/console/Application.php(324): Symfony/Component/Console/Application->doRunCommand()
#29 D:/my-code/kehu-web/xavier/code/banmucheng/backend/vendor/symfony/console/Application.php(175): Symfony/Component/Console/Application->doRun()
#30 D:/my-code/kehu-web/xavier/code/banmucheng/backend/vendor/laravel/lumen-framework/src/Console/Kernel.php(160): Symfony/Component/Console/Application->run()
#31 D:/my-code/kehu-web/xavier/code/banmucheng/backend/artisan(14): Laravel/Lumen/Console/Kernel->handle()
#32 {main}

[previous exception] [object] (PDOException(code: 42S01): SQLSTATE[42S01]: Base table or view already exists: 1050 Table 'product_options' already exists at D:/my-code/kehu-web/xavier/code/banmucheng/backend/vendor/illuminate/database/Connection.php:587)
[stacktrace]
#0 D:/my-code/kehu-web/xavier/code/banmucheng/backend/vendor/illuminate/database/Connection.php(587): PDOStatement->execute()
#1 D:/my-code/kehu-web/xavier/code/banmucheng/backend/vendor/illuminate/database/Connection.php(816): Illuminate/Database/Connection->Illuminate/Database/{closure}()
#2 D:/my-code/kehu-web/xavier/code/banmucheng/backend/vendor/illuminate/database/Connection.php(783): Illuminate/Database/Connection->runQueryCallback()
#3 D:/my-code/kehu-web/xavier/code/banmucheng/backend/vendor/illuminate/database/Connection.php(576): Illuminate/Database/Connection->run()
#4 D:/my-code/kehu-web/xavier/code/banmucheng/backend/vendor/illuminate/database/Schema/Blueprint.php(110): Illuminate/Database/Connection->statement()
#5 D:/my-code/kehu-web/xavier/code/banmucheng/backend/vendor/illuminate/database/Schema/Builder.php(602): Illuminate/Database/Schema/Blueprint->build()
#6 D:/my-code/kehu-web/xavier/code/banmucheng/backend/vendor/illuminate/database/Schema/Builder.php(456): Illuminate/Database/Schema/Builder->build()
#7 D:/my-code/kehu-web/xavier/code/banmucheng/backend/vendor/illuminate/support/Facades/Facade.php(355): Illuminate/Database/Schema/Builder->create()
#8 D:/my-code/kehu-web/xavier/code/banmucheng/backend/database/migrations/2024_01_01_000005_create_product_options_table.php(12): Illuminate/Support/Facades/Facade::__callStatic()
#9 D:/my-code/kehu-web/xavier/code/banmucheng/backend/vendor/illuminate/database/Migrations/Migrator.php(501): CreateProductOptionsTable->up()
#10 D:/my-code/kehu-web/xavier/code/banmucheng/backend/vendor/illuminate/database/Migrations/Migrator.php(418): Illuminate/Database/Migrations/Migrator->runMethod()
#11 D:/my-code/kehu-web/xavier/code/banmucheng/backend/vendor/illuminate/database/Migrations/Migrator.php(427): Illuminate/Database/Migrations/Migrator->Illuminate/Database/Migrations/{closure}()
#12 D:/my-code/kehu-web/xavier/code/banmucheng/backend/vendor/illuminate/database/Migrations/Migrator.php(224): Illuminate/Database/Migrations/Migrator->runMigration()
#13 D:/my-code/kehu-web/xavier/code/banmucheng/backend/vendor/illuminate/console/View/Components/Task.php(37): Illuminate/Database/Migrations/Migrator->Illuminate/Database/Migrations/{closure}()
#14 D:/my-code/kehu-web/xavier/code/banmucheng/backend/vendor/illuminate/database/Migrations/Migrator.php(783): Illuminate/Console/View/Components/Task->render()
#15 D:/my-code/kehu-web/xavier/code/banmucheng/backend/vendor/illuminate/database/Migrations/Migrator.php(224): Illuminate/Database/Migrations/Migrator->write()
#16 D:/my-code/kehu-web/xavier/code/banmucheng/backend/vendor/illuminate/database/Migrations/Migrator.php(189): Illuminate/Database/Migrations/Migrator->runUp()
#17 D:/my-code/kehu-web/xavier/code/banmucheng/backend/vendor/illuminate/database/Migrations/Migrator.php(132): Illuminate/Database/Migrations/Migrator->runPending()
#18 D:/my-code/kehu-web/xavier/code/banmucheng/backend/vendor/illuminate/database/Console/Migrations/MigrateCommand.php(90): Illuminate/Database/Migrations/Migrator->run()
#19 D:/my-code/kehu-web/xavier/code/banmucheng/backend/vendor/illuminate/database/Migrations/Migrator.php(641): Illuminate/Database/Console/Migrations/MigrateCommand->Illuminate/Database/Console/Migrations/{closure}()
#20 D:/my-code/kehu-web/xavier/code/banmucheng/backend/vendor/illuminate/database/Console/Migrations/MigrateCommand.php(83): Illuminate/Database/Migrations/Migrator->usingConnection()
#21 D:/my-code/kehu-web/xavier/code/banmucheng/backend/vendor/illuminate/container/BoundMethod.php(36): Illuminate/Database/Console/Migrations/MigrateCommand->handle()
#22 D:/my-code/kehu-web/xavier/code/banmucheng/backend/vendor/illuminate/container/Util.php(41): Illuminate/Container/BoundMethod::Illuminate/Container/{closure}()
#23 D:/my-code/kehu-web/xavier/code/banmucheng/backend/vendor/illuminate/container/BoundMethod.php(93): Illuminate/Container/Util::unwrapIfClosure()
#24 D:/my-code/kehu-web/xavier/code/banmucheng/backend/vendor/illuminate/container/BoundMethod.php(35): Illuminate/Container/BoundMethod::callBoundMethod()
#25 D:/my-code/kehu-web/xavier/code/banmucheng/backend/vendor/illuminate/container/Container.php(662): Illuminate/Container/BoundMethod::call()
#26 D:/my-code/kehu-web/xavier/code/banmucheng/backend/vendor/illuminate/console/Command.php(211): Illuminate/Container/Container->call()
#27 D:/my-code/kehu-web/xavier/code/banmucheng/backend/vendor/symfony/console/Command/Command.php(326): Illuminate/Console/Command->execute()
#28 D:/my-code/kehu-web/xavier/code/banmucheng/backend/vendor/illuminate/console/Command.php(180): Symfony/Component/Console/Command/Command->run()
#29 D:/my-code/kehu-web/xavier/code/banmucheng/backend/vendor/symfony/console/Application.php(1098): Illuminate/Console/Command->run()
#30 D:/my-code/kehu-web/xavier/code/banmucheng/backend/vendor/symfony/console/Application.php(324): Symfony/Component/Console/Application->doRunCommand()
#31 D:/my-code/kehu-web/xavier/code/banmucheng/backend/vendor/symfony/console/Application.php(175): Symfony/Component/Console/Application->doRun()
#32 D:/my-code/kehu-web/xavier/code/banmucheng/backend/vendor/laravel/lumen-framework/src/Console/Kernel.php(160): Symfony/Component/Console/Application->run()
#33 D:/my-code/kehu-web/xavier/code/banmucheng/backend/artisan(14): Laravel/Lumen/Console/Kernel->handle()
#34 {main}
"} 
[2026-03-04 16:06:28] local.ERROR: Call to undefined function App\Http\Controllers\public_path() {"exception":"[object] (Error(code: 0): Call to undefined function App\\Http\\Controllers\\public_path() at D:/my-code/kehu-web/xavier/code/banmucheng/backend/app/Http/Controllers/UploadController.php:16)
[stacktrace]
#0 D:/my-code/kehu-web/xavier/code/banmucheng/backend/vendor/illuminate/container/BoundMethod.php(36): App/Http/Controllers/UploadController->upload()
#1 D:/my-code/kehu-web/xavier/code/banmucheng/backend/vendor/illuminate/container/Util.php(41): Illuminate/Container/BoundMethod::Illuminate/Container/{closure}()
#2 D:/my-code/kehu-web/xavier/code/banmucheng/backend/vendor/illuminate/container/BoundMethod.php(93): Illuminate/Container/Util::unwrapIfClosure()
#3 D:/my-code/kehu-web/xavier/code/banmucheng/backend/vendor/illuminate/container/BoundMethod.php(35): Illuminate/Container/BoundMethod::callBoundMethod()
#4 D:/my-code/kehu-web/xavier/code/banmucheng/backend/vendor/illuminate/container/Container.php(662): Illuminate/Container/BoundMethod::call()
#5 D:/my-code/kehu-web/xavier/code/banmucheng/backend/vendor/laravel/lumen-framework/src/Concerns/RoutesRequests.php(391): Illuminate/Container/Container->call()
#6 D:/my-code/kehu-web/xavier/code/banmucheng/backend/vendor/laravel/lumen-framework/src/Concerns/RoutesRequests.php(356): Laravel/Lumen/Application->callControllerCallable()
#7 D:/my-code/kehu-web/xavier/code/banmucheng/backend/vendor/laravel/lumen-framework/src/Concerns/RoutesRequests.php(331): Laravel/Lumen/Application->callLumenController()
#8 D:/my-code/kehu-web/xavier/code/banmucheng/backend/vendor/laravel/lumen-framework/src/Concerns/RoutesRequests.php(284): Laravel/Lumen/Application->callControllerAction()
#9 D:/my-code/kehu-web/xavier/code/banmucheng/backend/vendor/laravel/lumen-framework/src/Concerns/RoutesRequests.php(264): Laravel/Lumen/Application->callActionOnArrayBasedRoute()
#10 D:/my-code/kehu-web/xavier/code/banmucheng/backend/vendor/laravel/lumen-framework/src/Routing/Pipeline.php(48): Laravel/Lumen/Application->Laravel/Lumen/Concerns/{closure}()
#11 D:/my-code/kehu-web/xavier/code/banmucheng/backend/app/Http/Middleware/AdminAuthMiddleware.php(34): Laravel/Lumen/Routing/Pipeline->Laravel/Lumen/Routing/{closure}()
#12 D:/my-code/kehu-web/xavier/code/banmucheng/backend/vendor/illuminate/pipeline/Pipeline.php(183): App/Http/Middleware/AdminAuthMiddleware->handle()
#13 D:/my-code/kehu-web/xavier/code/banmucheng/backend/vendor/laravel/lumen-framework/src/Routing/Pipeline.php(30): Illuminate/Pipeline/Pipeline->Illuminate/Pipeline/{closure}()
#14 D:/my-code/kehu-web/xavier/code/banmucheng/backend/vendor/illuminate/pipeline/Pipeline.php(119): Laravel/Lumen/Routing/Pipeline->Laravel/Lumen/Routing/{closure}()
#15 D:/my-code/kehu-web/xavier/code/banmucheng/backend/vendor/laravel/lumen-framework/src/Concerns/RoutesRequests.php(428): Illuminate/Pipeline/Pipeline->then()
#16 D:/my-code/kehu-web/xavier/code/banmucheng/backend/vendor/laravel/lumen-framework/src/Concerns/RoutesRequests.php(263): Laravel/Lumen/Application->sendThroughPipeline()
#17 D:/my-code/kehu-web/xavier/code/banmucheng/backend/vendor/laravel/lumen-framework/src/Concerns/RoutesRequests.php(171): Laravel/Lumen/Application->handleFoundRoute()
#18 D:/my-code/kehu-web/xavier/code/banmucheng/backend/vendor/laravel/lumen-framework/src/Routing/Pipeline.php(48): Laravel/Lumen/Application->Laravel/Lumen/Concerns/{closure}()
#19 D:/my-code/kehu-web/xavier/code/banmucheng/backend/app/Http/Middleware/CorsMiddleware.php(11): Laravel/Lumen/Routing/Pipeline->Laravel/Lumen/Routing/{closure}()
#20 D:/my-code/kehu-web/xavier/code/banmucheng/backend/vendor/illuminate/pipeline/Pipeline.php(183): App/Http/Middleware/CorsMiddleware->handle()
#21 D:/my-code/kehu-web/xavier/code/banmucheng/backend/vendor/laravel/lumen-framework/src/Routing/Pipeline.php(30): Illuminate/Pipeline/Pipeline->Illuminate/Pipeline/{closure}()
#22 D:/my-code/kehu-web/xavier/code/banmucheng/backend/vendor/illuminate/pipeline/Pipeline.php(119): Laravel/Lumen/Routing/Pipeline->Laravel/Lumen/Routing/{closure}()
#23 D:/my-code/kehu-web/xavier/code/banmucheng/backend/vendor/laravel/lumen-framework/src/Concerns/RoutesRequests.php(428): Illuminate/Pipeline/Pipeline->then()
#24 D:/my-code/kehu-web/xavier/code/banmucheng/backend/vendor/laravel/lumen-framework/src/Concerns/RoutesRequests.php(167): Laravel/Lumen/Application->sendThroughPipeline()
#25 D:/my-code/kehu-web/xavier/code/banmucheng/backend/vendor/laravel/lumen-framework/src/Concerns/RoutesRequests.php(112): Laravel/Lumen/Application->dispatch()
#26 D:/my-code/kehu-web/xavier/code/banmucheng/backend/public/index.php(5): Laravel/Lumen/Application->run()
#27 {main}
"} 
