[2026-03-05 10:50:50] local.ERROR: SQLSTATE[42S01]: Base table or view already exists: 1050 Table 'categories' already exists (Connection: mysql, SQL: create table `categories` (`id` bigint unsigned not null auto_increment primary key, `name_zh` varchar(100) not null comment '中文名称', `name_en` varchar(100) not null comment '英文名称', `parent_id` bigint unsigned null comment '父分类ID', `sort_order` int not null default '0' comment '排序', `created_at` timestamp null, `updated_at` timestamp null) default character set utf8mb4 collate 'utf8mb4_unicode_ci') {"exception":"[object] (Illuminate\\Database\\QueryException(code: 42S01): SQLSTATE[42S01]: Base table or view already exists: 1050 Table 'categories' already exists (Connection: mysql, SQL: create table `categories` (`id` bigint unsigned not null auto_increment primary key, `name_zh` varchar(100) not null comment '中文名称', `name_en` varchar(100) not null comment '英文名称', `parent_id` bigint unsigned null comment '父分类ID', `sort_order` int not null default '0' comment '排序', `created_at` timestamp null, `updated_at` timestamp null) default character set utf8mb4 collate 'utf8mb4_unicode_ci') at D:/my-code/kehu-web/xavier/code/banmucheng/backend/vendor/illuminate/database/Connection.php:829)
[stacktrace]
#0 D:/my-code/kehu-web/xavier/code/banmucheng/backend/vendor/illuminate/database/Connection.php(783): Illuminate/Database/Connection->runQueryCallback()
#1 D:/my-code/kehu-web/xavier/code/banmucheng/backend/vendor/illuminate/database/Connection.php(576): Illuminate/Database/Connection->run()
#2 D:/my-code/kehu-web/xavier/code/banmucheng/backend/vendor/illuminate/database/Schema/Blueprint.php(110): Illuminate/Database/Connection->statement()
#3 D:/my-code/kehu-web/xavier/code/banmucheng/backend/vendor/illuminate/database/Schema/Builder.php(602): Illuminate/Database/Schema/Blueprint->build()
#4 D:/my-code/kehu-web/xavier/code/banmucheng/backend/vendor/illuminate/database/Schema/Builder.php(456): Illuminate/Database/Schema/Builder->build()
#5 D:/my-code/kehu-web/xavier/code/banmucheng/backend/vendor/illuminate/support/Facades/Facade.php(355): Illuminate/Database/Schema/Builder->create()
#6 D:/my-code/kehu-web/xavier/code/banmucheng/backend/database/migrations/2024_01_01_000001_create_categories_table.php(11): Illuminate/Support/Facades/Facade::__callStatic()
#7 D:/my-code/kehu-web/xavier/code/banmucheng/backend/vendor/illuminate/database/Migrations/Migrator.php(501): CreateCategoriesTable->up()
#8 D:/my-code/kehu-web/xavier/code/banmucheng/backend/vendor/illuminate/database/Migrations/Migrator.php(418): Illuminate/Database/Migrations/Migrator->runMethod()
#9 D:/my-code/kehu-web/xavier/code/banmucheng/backend/vendor/illuminate/database/Migrations/Migrator.php(427): Illuminate/Database/Migrations/Migrator->Illuminate/Database/Migrations/{closure}()
#10 D:/my-code/kehu-web/xavier/code/banmucheng/backend/vendor/illuminate/database/Migrations/Migrator.php(224): Illuminate/Database/Migrations/Migrator->runMigration()
#11 D:/my-code/kehu-web/xavier/code/banmucheng/backend/vendor/illuminate/console/View/Components/Task.php(37): Illuminate/Database/Migrations/Migrator->Illuminate/Database/Migrations/{closure}()
#12 D:/my-code/kehu-web/xavier/code/banmucheng/backend/vendor/illuminate/database/Migrations/Migrator.php(783): Illuminate/Console/View/Components/Task->render()
#13 D:/my-code/kehu-web/xavier/code/banmucheng/backend/vendor/illuminate/database/Migrations/Migrator.php(224): Illuminate/Database/Migrations/Migrator->write()
#14 D:/my-code/kehu-web/xavier/code/banmucheng/backend/vendor/illuminate/database/Migrations/Migrator.php(189): Illuminate/Database/Migrations/Migrator->runUp()
#15 D:/my-code/kehu-web/xavier/code/banmucheng/backend/vendor/illuminate/database/Migrations/Migrator.php(132): Illuminate/Database/Migrations/Migrator->runPending()
#16 D:/my-code/kehu-web/xavier/code/banmucheng/backend/vendor/illuminate/database/Console/Migrations/MigrateCommand.php(90): Illuminate/Database/Migrations/Migrator->run()
#17 D:/my-code/kehu-web/xavier/code/banmucheng/backend/vendor/illuminate/database/Migrations/Migrator.php(641): Illuminate/Database/Console/Migrations/MigrateCommand->Illuminate/Database/Console/Migrations/{closure}()
#18 D:/my-code/kehu-web/xavier/code/banmucheng/backend/vendor/illuminate/database/Console/Migrations/MigrateCommand.php(83): Illuminate/Database/Migrations/Migrator->usingConnection()
#19 D:/my-code/kehu-web/xavier/code/banmucheng/backend/vendor/illuminate/container/BoundMethod.php(36): Illuminate/Database/Console/Migrations/MigrateCommand->handle()
#20 D:/my-code/kehu-web/xavier/code/banmucheng/backend/vendor/illuminate/container/Util.php(41): Illuminate/Container/BoundMethod::Illuminate/Container/{closure}()
#21 D:/my-code/kehu-web/xavier/code/banmucheng/backend/vendor/illuminate/container/BoundMethod.php(93): Illuminate/Container/Util::unwrapIfClosure()
#22 D:/my-code/kehu-web/xavier/code/banmucheng/backend/vendor/illuminate/container/BoundMethod.php(35): Illuminate/Container/BoundMethod::callBoundMethod()
#23 D:/my-code/kehu-web/xavier/code/banmucheng/backend/vendor/illuminate/container/Container.php(662): Illuminate/Container/BoundMethod::call()
#24 D:/my-code/kehu-web/xavier/code/banmucheng/backend/vendor/illuminate/console/Command.php(211): Illuminate/Container/Container->call()
#25 D:/my-code/kehu-web/xavier/code/banmucheng/backend/vendor/symfony/console/Command/Command.php(326): Illuminate/Console/Command->execute()
#26 D:/my-code/kehu-web/xavier/code/banmucheng/backend/vendor/illuminate/console/Command.php(180): Symfony/Component/Console/Command/Command->run()
#27 D:/my-code/kehu-web/xavier/code/banmucheng/backend/vendor/symfony/console/Application.php(1098): Illuminate/Console/Command->run()
#28 D:/my-code/kehu-web/xavier/code/banmucheng/backend/vendor/symfony/console/Application.php(324): Symfony/Component/Console/Application->doRunCommand()
#29 D:/my-code/kehu-web/xavier/code/banmucheng/backend/vendor/symfony/console/Application.php(175): Symfony/Component/Console/Application->doRun()
#30 D:/my-code/kehu-web/xavier/code/banmucheng/backend/vendor/laravel/lumen-framework/src/Console/Kernel.php(160): Symfony/Component/Console/Application->run()
#31 D:/my-code/kehu-web/xavier/code/banmucheng/backend/artisan(14): Laravel/Lumen/Console/Kernel->handle()
#32 {main}

[previous exception] [object] (PDOException(code: 42S01): SQLSTATE[42S01]: Base table or view already exists: 1050 Table 'categories' already exists at D:/my-code/kehu-web/xavier/code/banmucheng/backend/vendor/illuminate/database/Connection.php:587)
[stacktrace]
#0 D:/my-code/kehu-web/xavier/code/banmucheng/backend/vendor/illuminate/database/Connection.php(587): PDOStatement->execute()
#1 D:/my-code/kehu-web/xavier/code/banmucheng/backend/vendor/illuminate/database/Connection.php(816): Illuminate/Database/Connection->Illuminate/Database/{closure}()
#2 D:/my-code/kehu-web/xavier/code/banmucheng/backend/vendor/illuminate/database/Connection.php(783): Illuminate/Database/Connection->runQueryCallback()
#3 D:/my-code/kehu-web/xavier/code/banmucheng/backend/vendor/illuminate/database/Connection.php(576): Illuminate/Database/Connection->run()
#4 D:/my-code/kehu-web/xavier/code/banmucheng/backend/vendor/illuminate/database/Schema/Blueprint.php(110): Illuminate/Database/Connection->statement()
#5 D:/my-code/kehu-web/xavier/code/banmucheng/backend/vendor/illuminate/database/Schema/Builder.php(602): Illuminate/Database/Schema/Blueprint->build()
#6 D:/my-code/kehu-web/xavier/code/banmucheng/backend/vendor/illuminate/database/Schema/Builder.php(456): Illuminate/Database/Schema/Builder->build()
#7 D:/my-code/kehu-web/xavier/code/banmucheng/backend/vendor/illuminate/support/Facades/Facade.php(355): Illuminate/Database/Schema/Builder->create()
#8 D:/my-code/kehu-web/xavier/code/banmucheng/backend/database/migrations/2024_01_01_000001_create_categories_table.php(11): Illuminate/Support/Facades/Facade::__callStatic()
#9 D:/my-code/kehu-web/xavier/code/banmucheng/backend/vendor/illuminate/database/Migrations/Migrator.php(501): CreateCategoriesTable->up()
#10 D:/my-code/kehu-web/xavier/code/banmucheng/backend/vendor/illuminate/database/Migrations/Migrator.php(418): Illuminate/Database/Migrations/Migrator->runMethod()
#11 D:/my-code/kehu-web/xavier/code/banmucheng/backend/vendor/illuminate/database/Migrations/Migrator.php(427): Illuminate/Database/Migrations/Migrator->Illuminate/Database/Migrations/{closure}()
#12 D:/my-code/kehu-web/xavier/code/banmucheng/backend/vendor/illuminate/database/Migrations/Migrator.php(224): Illuminate/Database/Migrations/Migrator->runMigration()
#13 D:/my-code/kehu-web/xavier/code/banmucheng/backend/vendor/illuminate/console/View/Components/Task.php(37): Illuminate/Database/Migrations/Migrator->Illuminate/Database/Migrations/{closure}()
#14 D:/my-code/kehu-web/xavier/code/banmucheng/backend/vendor/illuminate/database/Migrations/Migrator.php(783): Illuminate/Console/View/Components/Task->render()
#15 D:/my-code/kehu-web/xavier/code/banmucheng/backend/vendor/illuminate/database/Migrations/Migrator.php(224): Illuminate/Database/Migrations/Migrator->write()
#16 D:/my-code/kehu-web/xavier/code/banmucheng/backend/vendor/illuminate/database/Migrations/Migrator.php(189): Illuminate/Database/Migrations/Migrator->runUp()
#17 D:/my-code/kehu-web/xavier/code/banmucheng/backend/vendor/illuminate/database/Migrations/Migrator.php(132): Illuminate/Database/Migrations/Migrator->runPending()
#18 D:/my-code/kehu-web/xavier/code/banmucheng/backend/vendor/illuminate/database/Console/Migrations/MigrateCommand.php(90): Illuminate/Database/Migrations/Migrator->run()
#19 D:/my-code/kehu-web/xavier/code/banmucheng/backend/vendor/illuminate/database/Migrations/Migrator.php(641): Illuminate/Database/Console/Migrations/MigrateCommand->Illuminate/Database/Console/Migrations/{closure}()
#20 D:/my-code/kehu-web/xavier/code/banmucheng/backend/vendor/illuminate/database/Console/Migrations/MigrateCommand.php(83): Illuminate/Database/Migrations/Migrator->usingConnection()
#21 D:/my-code/kehu-web/xavier/code/banmucheng/backend/vendor/illuminate/container/BoundMethod.php(36): Illuminate/Database/Console/Migrations/MigrateCommand->handle()
#22 D:/my-code/kehu-web/xavier/code/banmucheng/backend/vendor/illuminate/container/Util.php(41): Illuminate/Container/BoundMethod::Illuminate/Container/{closure}()
#23 D:/my-code/kehu-web/xavier/code/banmucheng/backend/vendor/illuminate/container/BoundMethod.php(93): Illuminate/Container/Util::unwrapIfClosure()
#24 D:/my-code/kehu-web/xavier/code/banmucheng/backend/vendor/illuminate/container/BoundMethod.php(35): Illuminate/Container/BoundMethod::callBoundMethod()
#25 D:/my-code/kehu-web/xavier/code/banmucheng/backend/vendor/illuminate/container/Container.php(662): Illuminate/Container/BoundMethod::call()
#26 D:/my-code/kehu-web/xavier/code/banmucheng/backend/vendor/illuminate/console/Command.php(211): Illuminate/Container/Container->call()
#27 D:/my-code/kehu-web/xavier/code/banmucheng/backend/vendor/symfony/console/Command/Command.php(326): Illuminate/Console/Command->execute()
#28 D:/my-code/kehu-web/xavier/code/banmucheng/backend/vendor/illuminate/console/Command.php(180): Symfony/Component/Console/Command/Command->run()
#29 D:/my-code/kehu-web/xavier/code/banmucheng/backend/vendor/symfony/console/Application.php(1098): Illuminate/Console/Command->run()
#30 D:/my-code/kehu-web/xavier/code/banmucheng/backend/vendor/symfony/console/Application.php(324): Symfony/Component/Console/Application->doRunCommand()
#31 D:/my-code/kehu-web/xavier/code/banmucheng/backend/vendor/symfony/console/Application.php(175): Symfony/Component/Console/Application->doRun()
#32 D:/my-code/kehu-web/xavier/code/banmucheng/backend/vendor/laravel/lumen-framework/src/Console/Kernel.php(160): Symfony/Component/Console/Application->run()
#33 D:/my-code/kehu-web/xavier/code/banmucheng/backend/artisan(14): Laravel/Lumen/Console/Kernel->handle()
#34 {main}
"} 
[2026-03-05 16:06:51] local.ERROR: SQLSTATE[42S01]: Base table or view already exists: 1050 Table 'categories' already exists (Connection: mysql, SQL: create table `categories` (`id` bigint unsigned not null auto_increment primary key, `name_zh` varchar(100) not null comment '中文名称', `name_en` varchar(100) not null comment '英文名称', `parent_id` bigint unsigned null comment '父分类ID', `sort_order` int not null default '0' comment '排序', `created_at` timestamp null, `updated_at` timestamp null) default character set utf8mb4 collate 'utf8mb4_unicode_ci') {"exception":"[object] (Illuminate\\Database\\QueryException(code: 42S01): SQLSTATE[42S01]: Base table or view already exists: 1050 Table 'categories' already exists (Connection: mysql, SQL: create table `categories` (`id` bigint unsigned not null auto_increment primary key, `name_zh` varchar(100) not null comment '中文名称', `name_en` varchar(100) not null comment '英文名称', `parent_id` bigint unsigned null comment '父分类ID', `sort_order` int not null default '0' comment '排序', `created_at` timestamp null, `updated_at` timestamp null) default character set utf8mb4 collate 'utf8mb4_unicode_ci') at D:/my-code/kehu-web/xavier/code/banmucheng/backend/vendor/illuminate/database/Connection.php:829)
[stacktrace]
#0 D:/my-code/kehu-web/xavier/code/banmucheng/backend/vendor/illuminate/database/Connection.php(783): Illuminate/Database/Connection->runQueryCallback()
#1 D:/my-code/kehu-web/xavier/code/banmucheng/backend/vendor/illuminate/database/Connection.php(576): Illuminate/Database/Connection->run()
#2 D:/my-code/kehu-web/xavier/code/banmucheng/backend/vendor/illuminate/database/Schema/Blueprint.php(110): Illuminate/Database/Connection->statement()
#3 D:/my-code/kehu-web/xavier/code/banmucheng/backend/vendor/illuminate/database/Schema/Builder.php(602): Illuminate/Database/Schema/Blueprint->build()
#4 D:/my-code/kehu-web/xavier/code/banmucheng/backend/vendor/illuminate/database/Schema/Builder.php(456): Illuminate/Database/Schema/Builder->build()
#5 D:/my-code/kehu-web/xavier/code/banmucheng/backend/vendor/illuminate/support/Facades/Facade.php(355): Illuminate/Database/Schema/Builder->create()
#6 D:/my-code/kehu-web/xavier/code/banmucheng/backend/database/migrations/2024_01_01_000001_create_categories_table.php(11): Illuminate/Support/Facades/Facade::__callStatic()
#7 D:/my-code/kehu-web/xavier/code/banmucheng/backend/vendor/illuminate/database/Migrations/Migrator.php(501): CreateCategoriesTable->up()
#8 D:/my-code/kehu-web/xavier/code/banmucheng/backend/vendor/illuminate/database/Migrations/Migrator.php(418): Illuminate/Database/Migrations/Migrator->runMethod()
#9 D:/my-code/kehu-web/xavier/code/banmucheng/backend/vendor/illuminate/database/Migrations/Migrator.php(427): Illuminate/Database/Migrations/Migrator->Illuminate/Database/Migrations/{closure}()
#10 D:/my-code/kehu-web/xavier/code/banmucheng/backend/vendor/illuminate/database/Migrations/Migrator.php(224): Illuminate/Database/Migrations/Migrator->runMigration()
#11 D:/my-code/kehu-web/xavier/code/banmucheng/backend/vendor/illuminate/console/View/Components/Task.php(37): Illuminate/Database/Migrations/Migrator->Illuminate/Database/Migrations/{closure}()
#12 D:/my-code/kehu-web/xavier/code/banmucheng/backend/vendor/illuminate/database/Migrations/Migrator.php(783): Illuminate/Console/View/Components/Task->render()
#13 D:/my-code/kehu-web/xavier/code/banmucheng/backend/vendor/illuminate/database/Migrations/Migrator.php(224): Illuminate/Database/Migrations/Migrator->write()
#14 D:/my-code/kehu-web/xavier/code/banmucheng/backend/vendor/illuminate/database/Migrations/Migrator.php(189): Illuminate/Database/Migrations/Migrator->runUp()
#15 D:/my-code/kehu-web/xavier/code/banmucheng/backend/vendor/illuminate/database/Migrations/Migrator.php(132): Illuminate/Database/Migrations/Migrator->runPending()
#16 D:/my-code/kehu-web/xavier/code/banmucheng/backend/vendor/illuminate/database/Console/Migrations/MigrateCommand.php(90): Illuminate/Database/Migrations/Migrator->run()
#17 D:/my-code/kehu-web/xavier/code/banmucheng/backend/vendor/illuminate/database/Migrations/Migrator.php(641): Illuminate/Database/Console/Migrations/MigrateCommand->Illuminate/Database/Console/Migrations/{closure}()
#18 D:/my-code/kehu-web/xavier/code/banmucheng/backend/vendor/illuminate/database/Console/Migrations/MigrateCommand.php(83): Illuminate/Database/Migrations/Migrator->usingConnection()
#19 D:/my-code/kehu-web/xavier/code/banmucheng/backend/vendor/illuminate/container/BoundMethod.php(36): Illuminate/Database/Console/Migrations/MigrateCommand->handle()
#20 D:/my-code/kehu-web/xavier/code/banmucheng/backend/vendor/illuminate/container/Util.php(41): Illuminate/Container/BoundMethod::Illuminate/Container/{closure}()
#21 D:/my-code/kehu-web/xavier/code/banmucheng/backend/vendor/illuminate/container/BoundMethod.php(93): Illuminate/Container/Util::unwrapIfClosure()
#22 D:/my-code/kehu-web/xavier/code/banmucheng/backend/vendor/illuminate/container/BoundMethod.php(35): Illuminate/Container/BoundMethod::callBoundMethod()
#23 D:/my-code/kehu-web/xavier/code/banmucheng/backend/vendor/illuminate/container/Container.php(662): Illuminate/Container/BoundMethod::call()
#24 D:/my-code/kehu-web/xavier/code/banmucheng/backend/vendor/illuminate/console/Command.php(211): Illuminate/Container/Container->call()
#25 D:/my-code/kehu-web/xavier/code/banmucheng/backend/vendor/symfony/console/Command/Command.php(326): Illuminate/Console/Command->execute()
#26 D:/my-code/kehu-web/xavier/code/banmucheng/backend/vendor/illuminate/console/Command.php(180): Symfony/Component/Console/Command/Command->run()
#27 D:/my-code/kehu-web/xavier/code/banmucheng/backend/vendor/symfony/console/Application.php(1098): Illuminate/Console/Command->run()
#28 D:/my-code/kehu-web/xavier/code/banmucheng/backend/vendor/symfony/console/Application.php(324): Symfony/Component/Console/Application->doRunCommand()
#29 D:/my-code/kehu-web/xavier/code/banmucheng/backend/vendor/symfony/console/Application.php(175): Symfony/Component/Console/Application->doRun()
#30 D:/my-code/kehu-web/xavier/code/banmucheng/backend/vendor/laravel/lumen-framework/src/Console/Kernel.php(160): Symfony/Component/Console/Application->run()
#31 D:/my-code/kehu-web/xavier/code/banmucheng/backend/artisan(14): Laravel/Lumen/Console/Kernel->handle()
#32 {main}

[previous exception] [object] (PDOException(code: 42S01): SQLSTATE[42S01]: Base table or view already exists: 1050 Table 'categories' already exists at D:/my-code/kehu-web/xavier/code/banmucheng/backend/vendor/illuminate/database/Connection.php:587)
[stacktrace]
#0 D:/my-code/kehu-web/xavier/code/banmucheng/backend/vendor/illuminate/database/Connection.php(587): PDOStatement->execute()
#1 D:/my-code/kehu-web/xavier/code/banmucheng/backend/vendor/illuminate/database/Connection.php(816): Illuminate/Database/Connection->Illuminate/Database/{closure}()
#2 D:/my-code/kehu-web/xavier/code/banmucheng/backend/vendor/illuminate/database/Connection.php(783): Illuminate/Database/Connection->runQueryCallback()
#3 D:/my-code/kehu-web/xavier/code/banmucheng/backend/vendor/illuminate/database/Connection.php(576): Illuminate/Database/Connection->run()
#4 D:/my-code/kehu-web/xavier/code/banmucheng/backend/vendor/illuminate/database/Schema/Blueprint.php(110): Illuminate/Database/Connection->statement()
#5 D:/my-code/kehu-web/xavier/code/banmucheng/backend/vendor/illuminate/database/Schema/Builder.php(602): Illuminate/Database/Schema/Blueprint->build()
#6 D:/my-code/kehu-web/xavier/code/banmucheng/backend/vendor/illuminate/database/Schema/Builder.php(456): Illuminate/Database/Schema/Builder->build()
#7 D:/my-code/kehu-web/xavier/code/banmucheng/backend/vendor/illuminate/support/Facades/Facade.php(355): Illuminate/Database/Schema/Builder->create()
#8 D:/my-code/kehu-web/xavier/code/banmucheng/backend/database/migrations/2024_01_01_000001_create_categories_table.php(11): Illuminate/Support/Facades/Facade::__callStatic()
#9 D:/my-code/kehu-web/xavier/code/banmucheng/backend/vendor/illuminate/database/Migrations/Migrator.php(501): CreateCategoriesTable->up()
#10 D:/my-code/kehu-web/xavier/code/banmucheng/backend/vendor/illuminate/database/Migrations/Migrator.php(418): Illuminate/Database/Migrations/Migrator->runMethod()
#11 D:/my-code/kehu-web/xavier/code/banmucheng/backend/vendor/illuminate/database/Migrations/Migrator.php(427): Illuminate/Database/Migrations/Migrator->Illuminate/Database/Migrations/{closure}()
#12 D:/my-code/kehu-web/xavier/code/banmucheng/backend/vendor/illuminate/database/Migrations/Migrator.php(224): Illuminate/Database/Migrations/Migrator->runMigration()
#13 D:/my-code/kehu-web/xavier/code/banmucheng/backend/vendor/illuminate/console/View/Components/Task.php(37): Illuminate/Database/Migrations/Migrator->Illuminate/Database/Migrations/{closure}()
#14 D:/my-code/kehu-web/xavier/code/banmucheng/backend/vendor/illuminate/database/Migrations/Migrator.php(783): Illuminate/Console/View/Components/Task->render()
#15 D:/my-code/kehu-web/xavier/code/banmucheng/backend/vendor/illuminate/database/Migrations/Migrator.php(224): Illuminate/Database/Migrations/Migrator->write()
#16 D:/my-code/kehu-web/xavier/code/banmucheng/backend/vendor/illuminate/database/Migrations/Migrator.php(189): Illuminate/Database/Migrations/Migrator->runUp()
#17 D:/my-code/kehu-web/xavier/code/banmucheng/backend/vendor/illuminate/database/Migrations/Migrator.php(132): Illuminate/Database/Migrations/Migrator->runPending()
#18 D:/my-code/kehu-web/xavier/code/banmucheng/backend/vendor/illuminate/database/Console/Migrations/MigrateCommand.php(90): Illuminate/Database/Migrations/Migrator->run()
#19 D:/my-code/kehu-web/xavier/code/banmucheng/backend/vendor/illuminate/database/Migrations/Migrator.php(641): Illuminate/Database/Console/Migrations/MigrateCommand->Illuminate/Database/Console/Migrations/{closure}()
#20 D:/my-code/kehu-web/xavier/code/banmucheng/backend/vendor/illuminate/database/Console/Migrations/MigrateCommand.php(83): Illuminate/Database/Migrations/Migrator->usingConnection()
#21 D:/my-code/kehu-web/xavier/code/banmucheng/backend/vendor/illuminate/container/BoundMethod.php(36): Illuminate/Database/Console/Migrations/MigrateCommand->handle()
#22 D:/my-code/kehu-web/xavier/code/banmucheng/backend/vendor/illuminate/container/Util.php(41): Illuminate/Container/BoundMethod::Illuminate/Container/{closure}()
#23 D:/my-code/kehu-web/xavier/code/banmucheng/backend/vendor/illuminate/container/BoundMethod.php(93): Illuminate/Container/Util::unwrapIfClosure()
#24 D:/my-code/kehu-web/xavier/code/banmucheng/backend/vendor/illuminate/container/BoundMethod.php(35): Illuminate/Container/BoundMethod::callBoundMethod()
#25 D:/my-code/kehu-web/xavier/code/banmucheng/backend/vendor/illuminate/container/Container.php(662): Illuminate/Container/BoundMethod::call()
#26 D:/my-code/kehu-web/xavier/code/banmucheng/backend/vendor/illuminate/console/Command.php(211): Illuminate/Container/Container->call()
#27 D:/my-code/kehu-web/xavier/code/banmucheng/backend/vendor/symfony/console/Command/Command.php(326): Illuminate/Console/Command->execute()
#28 D:/my-code/kehu-web/xavier/code/banmucheng/backend/vendor/illuminate/console/Command.php(180): Symfony/Component/Console/Command/Command->run()
#29 D:/my-code/kehu-web/xavier/code/banmucheng/backend/vendor/symfony/console/Application.php(1098): Illuminate/Console/Command->run()
#30 D:/my-code/kehu-web/xavier/code/banmucheng/backend/vendor/symfony/console/Application.php(324): Symfony/Component/Console/Application->doRunCommand()
#31 D:/my-code/kehu-web/xavier/code/banmucheng/backend/vendor/symfony/console/Application.php(175): Symfony/Component/Console/Application->doRun()
#32 D:/my-code/kehu-web/xavier/code/banmucheng/backend/vendor/laravel/lumen-framework/src/Console/Kernel.php(160): Symfony/Component/Console/Application->run()
#33 D:/my-code/kehu-web/xavier/code/banmucheng/backend/artisan(14): Laravel/Lumen/Console/Kernel->handle()
#34 {main}
"} 
[2026-03-05 17:54:26] local.ERROR: Call to undefined function App\Http\Controllers\public_path() {"exception":"[object] (Error(code: 0): Call to undefined function App\\Http\\Controllers\\public_path() at D:/my-code/kehu-web/xavier/code/banmucheng/backend/app/Http/Controllers/ProductController.php:195)
[stacktrace]
#0 D:/my-code/kehu-web/xavier/code/banmucheng/backend/vendor/illuminate/container/BoundMethod.php(36): App/Http/Controllers/ProductController->deleteImage()
#1 D:/my-code/kehu-web/xavier/code/banmucheng/backend/vendor/illuminate/container/Util.php(41): Illuminate/Container/BoundMethod::Illuminate/Container/{closure}()
#2 D:/my-code/kehu-web/xavier/code/banmucheng/backend/vendor/illuminate/container/BoundMethod.php(93): Illuminate/Container/Util::unwrapIfClosure()
#3 D:/my-code/kehu-web/xavier/code/banmucheng/backend/vendor/illuminate/container/BoundMethod.php(35): Illuminate/Container/BoundMethod::callBoundMethod()
#4 D:/my-code/kehu-web/xavier/code/banmucheng/backend/vendor/illuminate/container/Container.php(662): Illuminate/Container/BoundMethod::call()
#5 D:/my-code/kehu-web/xavier/code/banmucheng/backend/vendor/laravel/lumen-framework/src/Concerns/RoutesRequests.php(391): Illuminate/Container/Container->call()
#6 D:/my-code/kehu-web/xavier/code/banmucheng/backend/vendor/laravel/lumen-framework/src/Concerns/RoutesRequests.php(356): Laravel/Lumen/Application->callControllerCallable()
#7 D:/my-code/kehu-web/xavier/code/banmucheng/backend/vendor/laravel/lumen-framework/src/Concerns/RoutesRequests.php(331): Laravel/Lumen/Application->callLumenController()
#8 D:/my-code/kehu-web/xavier/code/banmucheng/backend/vendor/laravel/lumen-framework/src/Concerns/RoutesRequests.php(284): Laravel/Lumen/Application->callControllerAction()
#9 D:/my-code/kehu-web/xavier/code/banmucheng/backend/vendor/laravel/lumen-framework/src/Concerns/RoutesRequests.php(264): Laravel/Lumen/Application->callActionOnArrayBasedRoute()
#10 D:/my-code/kehu-web/xavier/code/banmucheng/backend/vendor/laravel/lumen-framework/src/Routing/Pipeline.php(48): Laravel/Lumen/Application->Laravel/Lumen/Concerns/{closure}()
#11 D:/my-code/kehu-web/xavier/code/banmucheng/backend/app/Http/Middleware/AdminAuthMiddleware.php(34): Laravel/Lumen/Routing/Pipeline->Laravel/Lumen/Routing/{closure}()
#12 D:/my-code/kehu-web/xavier/code/banmucheng/backend/vendor/illuminate/pipeline/Pipeline.php(183): App/Http/Middleware/AdminAuthMiddleware->handle()
#13 D:/my-code/kehu-web/xavier/code/banmucheng/backend/vendor/laravel/lumen-framework/src/Routing/Pipeline.php(30): Illuminate/Pipeline/Pipeline->Illuminate/Pipeline/{closure}()
#14 D:/my-code/kehu-web/xavier/code/banmucheng/backend/vendor/illuminate/pipeline/Pipeline.php(119): Laravel/Lumen/Routing/Pipeline->Laravel/Lumen/Routing/{closure}()
#15 D:/my-code/kehu-web/xavier/code/banmucheng/backend/vendor/laravel/lumen-framework/src/Concerns/RoutesRequests.php(428): Illuminate/Pipeline/Pipeline->then()
#16 D:/my-code/kehu-web/xavier/code/banmucheng/backend/vendor/laravel/lumen-framework/src/Concerns/RoutesRequests.php(263): Laravel/Lumen/Application->sendThroughPipeline()
#17 D:/my-code/kehu-web/xavier/code/banmucheng/backend/vendor/laravel/lumen-framework/src/Concerns/RoutesRequests.php(239): Laravel/Lumen/Application->handleFoundRoute()
#18 D:/my-code/kehu-web/xavier/code/banmucheng/backend/vendor/laravel/lumen-framework/src/Concerns/RoutesRequests.php(174): Laravel/Lumen/Application->handleDispatcherResponse()
#19 D:/my-code/kehu-web/xavier/code/banmucheng/backend/vendor/laravel/lumen-framework/src/Routing/Pipeline.php(48): Laravel/Lumen/Application->Laravel/Lumen/Concerns/{closure}()
#20 D:/my-code/kehu-web/xavier/code/banmucheng/backend/app/Http/Middleware/CorsMiddleware.php(11): Laravel/Lumen/Routing/Pipeline->Laravel/Lumen/Routing/{closure}()
#21 D:/my-code/kehu-web/xavier/code/banmucheng/backend/vendor/illuminate/pipeline/Pipeline.php(183): App/Http/Middleware/CorsMiddleware->handle()
#22 D:/my-code/kehu-web/xavier/code/banmucheng/backend/vendor/laravel/lumen-framework/src/Routing/Pipeline.php(30): Illuminate/Pipeline/Pipeline->Illuminate/Pipeline/{closure}()
#23 D:/my-code/kehu-web/xavier/code/banmucheng/backend/vendor/illuminate/pipeline/Pipeline.php(119): Laravel/Lumen/Routing/Pipeline->Laravel/Lumen/Routing/{closure}()
#24 D:/my-code/kehu-web/xavier/code/banmucheng/backend/vendor/laravel/lumen-framework/src/Concerns/RoutesRequests.php(428): Illuminate/Pipeline/Pipeline->then()
#25 D:/my-code/kehu-web/xavier/code/banmucheng/backend/vendor/laravel/lumen-framework/src/Concerns/RoutesRequests.php(167): Laravel/Lumen/Application->sendThroughPipeline()
#26 D:/my-code/kehu-web/xavier/code/banmucheng/backend/vendor/laravel/lumen-framework/src/Concerns/RoutesRequests.php(112): Laravel/Lumen/Application->dispatch()
#27 D:/my-code/kehu-web/xavier/code/banmucheng/backend/public/index.php(5): Laravel/Lumen/Application->run()
#28 {main}
"} 
